<?xml version="1.0" encoding="UTF-8"?>
<testsuite xmlns:xsi="http://www.w3.org/2001/XMLSchema-instance" xsi:noNamespaceSchemaLocation="https://maven.apache.org/surefire/maven-surefire-plugin/xsd/surefire-test-report.xsd" version="3.0.2" name="TestSuite" time="38.17" tests="5" errors="0" skipped="0" failures="0">
  <properties>
[...]
</properties>
  <testcase name="runScenario[&quot;Loged Out User&quot;, &quot;Purchase the order from ecommerce&quot;](1)" classname="runners.FinalProjectTestRunnerTestNG" time="3.931">
    <system-out><![CDATA[
Scenario: Loged Out User                                                               &amp#27;[90m# src/test/resources/features/FinalProject.feature:6&amp#27;[0m
  &amp#27;[32mGiven &amp#27;[0m&amp#27;[32mBuyer landing to ecommerce&amp#27;[0m                                                     &amp#27;[90m# stepdefinitions.finalproject.FinalProjectStepDefinition.landingPage()&amp#27;[0m
  &amp#27;[32mWhen &amp#27;[0m&amp#27;[32mBuyer logged to website user locked_out_user and password secret_sauce&amp#27;[0m          &amp#27;[90m# stepdefinitions.finalproject.FinalProjectStepDefinition.buyerLogin()&amp#27;[0m
  &amp#27;[32mThen &amp#27;[0m&amp#27;[32mBuyer will see notification &amp#27;[0m&amp#27;[32m&amp#27;[1mEpic sadface: Sorry, this user has been locked out.&amp#27;[0m &amp#27;[90m# stepdefinitions.finalproject.FinalProjectStepDefinition.logedOutUser(java.lang.String)&amp#27;[0m
]]></system-out>
    <system-err><![CDATA[SLF4J(W): No SLF4J providers were found.
SLF4J(W): Defaulting to no-operation (NOP) logger implementation
SLF4J(W): See https://www.slf4j.org/codes.html#noProviders for further details.
Mar 14, 2025 3:40:28 PM org.openqa.selenium.remote.http.WebSocket$Listener onError
WARNING: Connection reset
java.net.SocketException: Connection reset
	at java.base/sun.nio.ch.SocketChannelImpl.throwConnectionReset(SocketChannelImpl.java:403)
	at java.base/sun.nio.ch.SocketChannelImpl.implRead(SocketChannelImpl.java:435)
	at java.base/sun.nio.ch.SocketChannelImpl.read(SocketChannelImpl.java:493)
	at java.net.http/jdk.internal.net.http.SocketTube.readAvailable(SocketTube.java:1178)
	at java.net.http/jdk.internal.net.http.SocketTube$InternalReadPublisher$InternalReadSubscription.read(SocketTube.java:841)
	at java.net.http/jdk.internal.net.http.SocketTube$SocketFlowTask.run(SocketTube.java:181)
	at java.net.http/jdk.internal.net.http.common.SequentialScheduler$SchedulableTask.run(SequentialScheduler.java:207)
	at java.net.http/jdk.internal.net.http.common.SequentialScheduler.runOrSchedule(SequentialScheduler.java:280)
	at java.net.http/jdk.internal.net.http.common.SequentialScheduler.runOrSchedule(SequentialScheduler.java:233)
	at java.net.http/jdk.internal.net.http.SocketTube$InternalReadPublisher$InternalReadSubscription.signalReadable(SocketTube.java:782)
	at java.net.http/jdk.internal.net.http.SocketTube$InternalReadPublisher$ReadEvent.signalEvent(SocketTube.java:965)
	at java.net.http/jdk.internal.net.http.SocketTube$SocketFlowEvent.handle(SocketTube.java:253)
	at java.net.http/jdk.internal.net.http.HttpClientImpl$SelectorManager.handleEvent(HttpClientImpl.java:1478)
	at java.net.http/jdk.internal.net.http.HttpClientImpl$SelectorManager.lambda$run$3(HttpClientImpl.java:1423)
	at java.base/java.util.ArrayList.forEach(ArrayList.java:1597)
	at java.net.http/jdk.internal.net.http.HttpClientImpl$SelectorManager.run(HttpClientImpl.java:1423)

]]></system-err>
  </testcase>
  <testcase name="runScenario[&quot;Create Order Positive Case&quot;, &quot;Purchase the order from ecommerce&quot;](2)" classname="runners.FinalProjectTestRunnerTestNG" time="7.142">
    <system-out><![CDATA[
Scenario Outline: Create Order Positive Case                                              &amp#27;[90m# src/test/resources/features/FinalProject.feature:20&amp#27;[0m
  &amp#27;[32mGiven &amp#27;[0m&amp#27;[32mBuyer landing to ecommerce&amp#27;[0m                                                        &amp#27;[90m# stepdefinitions.finalproject.FinalProjectStepDefinition.landingPage()&amp#27;[0m
  &amp#27;[32mGiven &amp#27;[0m&amp#27;[32mBuyer logged to website username &amp#27;[0m&amp#27;[32m&amp#27;[1mstandard_user&amp#27;[0m&amp#27;[32m and password &amp#27;[0m&amp#27;[32m&amp#27;[1msecret_sauce&amp#27;[0m          &amp#27;[90m# stepdefinitions.finalproject.FinalProjectStepDefinition.buyerLogin(java.lang.String,java.lang.String)&amp#27;[0m
  &amp#27;[32mWhen &amp#27;[0m&amp#27;[32mBuyer add product &amp#27;[0m&amp#27;[32m&amp#27;[1mSauce Labs Bolt T-Shirt&amp#27;[0m&amp#27;[32m to Cart&amp#27;[0m                                  &amp#27;[90m# stepdefinitions.finalproject.FinalProjectStepDefinition.buyerAddProduct(java.lang.String)&amp#27;[0m
  &amp#27;[32mAnd &amp#27;[0m&amp#27;[32mBuyer checkout product &amp#27;[0m&amp#27;[32m&amp#27;[1mSauce Labs Bolt T-Shirt&amp#27;[0m                                      &amp#27;[90m# stepdefinitions.finalproject.FinalProjectStepDefinition.buyerCheckoutProduct(java.lang.String)&amp#27;[0m
  &amp#27;[32mAnd &amp#27;[0m&amp#27;[32mBuyer input first name &amp#27;[0m&amp#27;[32m&amp#27;[1mNovel&amp#27;[0m&amp#27;[32m, last name &amp#27;[0m&amp#27;[32m&amp#27;[1mRehandhika&amp#27;[0m&amp#27;[32m, and postal code &amp#27;[0m&amp#27;[32m&amp#27;[1m63411&amp#27;[0m           &amp#27;[90m# stepdefinitions.finalproject.FinalProjectStepDefinition.buyerInputDetails(java.lang.String,java.lang.String,java.lang.String)&amp#27;[0m
  &amp#27;[32mAnd &amp#27;[0m&amp#27;[32mBuyer finish order product &amp#27;[0m&amp#27;[32m&amp#27;[1mSauce Labs Bolt T-Shirt&amp#27;[0m                                  &amp#27;[90m# stepdefinitions.finalproject.FinalProjectStepDefinition.buyerFinishOrder(java.lang.String)&amp#27;[0m
  &amp#27;[32mThen &amp#27;[0m&amp#27;[32mBuyer will see message is displayed on confirmation page &amp#27;[0m&amp#27;[32m&amp#27;[1mThank you for your order!&amp#27;[0m &amp#27;[90m# stepdefinitions.finalproject.FinalProjectStepDefinition.confirmationPage(java.lang.String)&amp#27;[0m
]]></system-out>
    <system-err><![CDATA[Mar 14, 2025 3:40:35 PM org.openqa.selenium.remote.http.WebSocket$Listener onError
WARNING: Connection reset
java.net.SocketException: Connection reset
	at java.base/sun.nio.ch.SocketChannelImpl.throwConnectionReset(SocketChannelImpl.java:403)
	at java.base/sun.nio.ch.SocketChannelImpl.implRead(SocketChannelImpl.java:435)
	at java.base/sun.nio.ch.SocketChannelImpl.read(SocketChannelImpl.java:493)
	at java.net.http/jdk.internal.net.http.SocketTube.readAvailable(SocketTube.java:1178)
	at java.net.http/jdk.internal.net.http.SocketTube$InternalReadPublisher$InternalReadSubscription.read(SocketTube.java:841)
	at java.net.http/jdk.internal.net.http.SocketTube$SocketFlowTask.run(SocketTube.java:181)
	at java.net.http/jdk.internal.net.http.common.SequentialScheduler$SchedulableTask.run(SequentialScheduler.java:207)
	at java.net.http/jdk.internal.net.http.common.SequentialScheduler.runOrSchedule(SequentialScheduler.java:280)
	at java.net.http/jdk.internal.net.http.common.SequentialScheduler.runOrSchedule(SequentialScheduler.java:233)
	at java.net.http/jdk.internal.net.http.SocketTube$InternalReadPublisher$InternalReadSubscription.signalReadable(SocketTube.java:782)
	at java.net.http/jdk.internal.net.http.SocketTube$InternalReadPublisher$ReadEvent.signalEvent(SocketTube.java:965)
	at java.net.http/jdk.internal.net.http.SocketTube$SocketFlowEvent.handle(SocketTube.java:253)
	at java.net.http/jdk.internal.net.http.HttpClientImpl$SelectorManager.handleEvent(HttpClientImpl.java:1478)
	at java.net.http/jdk.internal.net.http.HttpClientImpl$SelectorManager.lambda$run$3(HttpClientImpl.java:1423)
	at java.base/java.util.ArrayList.forEach(ArrayList.java:1597)
	at java.net.http/jdk.internal.net.http.HttpClientImpl$SelectorManager.run(HttpClientImpl.java:1423)

]]></system-err>
  </testcase>
  <testcase name="runScenario[&quot;Create Order Positive Case&quot;, &quot;Purchase the order from ecommerce&quot;](3)" classname="runners.FinalProjectTestRunnerTestNG" time="5.785">
    <system-out><![CDATA[
Scenario Outline: Create Order Positive Case                                              &amp#27;[90m# src/test/resources/features/FinalProject.feature:21&amp#27;[0m
  &amp#27;[32mGiven &amp#27;[0m&amp#27;[32mBuyer landing to ecommerce&amp#27;[0m                                                        &amp#27;[90m# stepdefinitions.finalproject.FinalProjectStepDefinition.landingPage()&amp#27;[0m
  &amp#27;[32mGiven &amp#27;[0m&amp#27;[32mBuyer logged to website username &amp#27;[0m&amp#27;[32m&amp#27;[1mstandard_user&amp#27;[0m&amp#27;[32m and password &amp#27;[0m&amp#27;[32m&amp#27;[1msecret_sauce&amp#27;[0m          &amp#27;[90m# stepdefinitions.finalproject.FinalProjectStepDefinition.buyerLogin(java.lang.String,java.lang.String)&amp#27;[0m
  &amp#27;[32mWhen &amp#27;[0m&amp#27;[32mBuyer add product &amp#27;[0m&amp#27;[32m&amp#27;[1mSauce Labs Onesie&amp#27;[0m&amp#27;[32m to Cart&amp#27;[0m                                        &amp#27;[90m# stepdefinitions.finalproject.FinalProjectStepDefinition.buyerAddProduct(java.lang.String)&amp#27;[0m
  &amp#27;[32mAnd &amp#27;[0m&amp#27;[32mBuyer checkout product &amp#27;[0m&amp#27;[32m&amp#27;[1mSauce Labs Onesie&amp#27;[0m                                            &amp#27;[90m# stepdefinitions.finalproject.FinalProjectStepDefinition.buyerCheckoutProduct(java.lang.String)&amp#27;[0m
  &amp#27;[32mAnd &amp#27;[0m&amp#27;[32mBuyer input first name &amp#27;[0m&amp#27;[32m&amp#27;[1mNovel&amp#27;[0m&amp#27;[32m, last name &amp#27;[0m&amp#27;[32m&amp#27;[1mRehandhika&amp#27;[0m&amp#27;[32m, and postal code &amp#27;[0m&amp#27;[32m&amp#27;[1m63412&amp#27;[0m           &amp#27;[90m# stepdefinitions.finalproject.FinalProjectStepDefinition.buyerInputDetails(java.lang.String,java.lang.String,java.lang.String)&amp#27;[0m
  &amp#27;[32mAnd &amp#27;[0m&amp#27;[32mBuyer finish order product &amp#27;[0m&amp#27;[32m&amp#27;[1mSauce Labs Onesie&amp#27;[0m                                        &amp#27;[90m# stepdefinitions.finalproject.FinalProjectStepDefinition.buyerFinishOrder(java.lang.String)&amp#27;[0m
  &amp#27;[32mThen &amp#27;[0m&amp#27;[32mBuyer will see message is displayed on confirmation page &amp#27;[0m&amp#27;[32m&amp#27;[1mThank you for your order!&amp#27;[0m &amp#27;[90m# stepdefinitions.finalproject.FinalProjectStepDefinition.confirmationPage(java.lang.String)&amp#27;[0m
]]></system-out>
    <system-err><![CDATA[Mar 14, 2025 3:40:41 PM org.openqa.selenium.remote.http.WebSocket$Listener onError
WARNING: Connection reset
java.net.SocketException: Connection reset
	at java.base/sun.nio.ch.SocketChannelImpl.throwConnectionReset(SocketChannelImpl.java:403)
	at java.base/sun.nio.ch.SocketChannelImpl.implRead(SocketChannelImpl.java:435)
	at java.base/sun.nio.ch.SocketChannelImpl.read(SocketChannelImpl.java:493)
	at java.net.http/jdk.internal.net.http.SocketTube.readAvailable(SocketTube.java:1178)
	at java.net.http/jdk.internal.net.http.SocketTube$InternalReadPublisher$InternalReadSubscription.read(SocketTube.java:841)
	at java.net.http/jdk.internal.net.http.SocketTube$SocketFlowTask.run(SocketTube.java:181)
	at java.net.http/jdk.internal.net.http.common.SequentialScheduler$SchedulableTask.run(SequentialScheduler.java:207)
	at java.net.http/jdk.internal.net.http.common.SequentialScheduler.runOrSchedule(SequentialScheduler.java:280)
	at java.net.http/jdk.internal.net.http.common.SequentialScheduler.runOrSchedule(SequentialScheduler.java:233)
	at java.net.http/jdk.internal.net.http.SocketTube$InternalReadPublisher$InternalReadSubscription.signalReadable(SocketTube.java:782)
	at java.net.http/jdk.internal.net.http.SocketTube$InternalReadPublisher$ReadEvent.signalEvent(SocketTube.java:965)
	at java.net.http/jdk.internal.net.http.SocketTube$SocketFlowEvent.handle(SocketTube.java:253)
	at java.net.http/jdk.internal.net.http.HttpClientImpl$SelectorManager.handleEvent(HttpClientImpl.java:1478)
	at java.net.http/jdk.internal.net.http.HttpClientImpl$SelectorManager.lambda$run$3(HttpClientImpl.java:1423)
	at java.base/java.util.ArrayList.forEach(ArrayList.java:1597)
	at java.net.http/jdk.internal.net.http.HttpClientImpl$SelectorManager.run(HttpClientImpl.java:1423)

]]></system-err>
  </testcase>
  <testcase name="runScenario[&quot;Create Order Positive Case&quot;, &quot;Purchase the order from ecommerce&quot;](4)" classname="runners.FinalProjectTestRunnerTestNG" time="13.772">
    <system-out><![CDATA[
Scenario Outline: Create Order Positive Case                                              &amp#27;[90m# src/test/resources/features/FinalProject.feature:22&amp#27;[0m
  &amp#27;[32mGiven &amp#27;[0m&amp#27;[32mBuyer landing to ecommerce&amp#27;[0m                                                        &amp#27;[90m# stepdefinitions.finalproject.FinalProjectStepDefinition.landingPage()&amp#27;[0m
  &amp#27;[32mGiven &amp#27;[0m&amp#27;[32mBuyer logged to website username &amp#27;[0m&amp#27;[32m&amp#27;[1mstandard_user&amp#27;[0m&amp#27;[32m and password &amp#27;[0m&amp#27;[32m&amp#27;[1msecret_sauce&amp#27;[0m          &amp#27;[90m# stepdefinitions.finalproject.FinalProjectStepDefinition.buyerLogin(java.lang.String,java.lang.String)&amp#27;[0m
  &amp#27;[32mWhen &amp#27;[0m&amp#27;[32mBuyer add product &amp#27;[0m&amp#27;[32m&amp#27;[1mSauce Labs Bike Light&amp#27;[0m&amp#27;[32m to Cart&amp#27;[0m                                    &amp#27;[90m# stepdefinitions.finalproject.FinalProjectStepDefinition.buyerAddProduct(java.lang.String)&amp#27;[0m
  &amp#27;[32mAnd &amp#27;[0m&amp#27;[32mBuyer checkout product &amp#27;[0m&amp#27;[32m&amp#27;[1mSauce Labs Bike Light&amp#27;[0m                                        &amp#27;[90m# stepdefinitions.finalproject.FinalProjectStepDefinition.buyerCheckoutProduct(java.lang.String)&amp#27;[0m
  &amp#27;[32mAnd &amp#27;[0m&amp#27;[32mBuyer input first name &amp#27;[0m&amp#27;[32m&amp#27;[1mNovel&amp#27;[0m&amp#27;[32m, last name &amp#27;[0m&amp#27;[32m&amp#27;[1mRehandhika&amp#27;[0m&amp#27;[32m, and postal code &amp#27;[0m&amp#27;[32m&amp#27;[1m63413&amp#27;[0m           &amp#27;[90m# stepdefinitions.finalproject.FinalProjectStepDefinition.buyerInputDetails(java.lang.String,java.lang.String,java.lang.String)&amp#27;[0m
  &amp#27;[32mAnd &amp#27;[0m&amp#27;[32mBuyer finish order product &amp#27;[0m&amp#27;[32m&amp#27;[1mSauce Labs Bike Light&amp#27;[0m                                    &amp#27;[90m# stepdefinitions.finalproject.FinalProjectStepDefinition.buyerFinishOrder(java.lang.String)&amp#27;[0m
  &amp#27;[32mThen &amp#27;[0m&amp#27;[32mBuyer will see message is displayed on confirmation page &amp#27;[0m&amp#27;[32m&amp#27;[1mThank you for your order!&amp#27;[0m &amp#27;[90m# stepdefinitions.finalproject.FinalProjectStepDefinition.confirmationPage(java.lang.String)&amp#27;[0m
]]></system-out>
    <system-err><![CDATA[Mar 14, 2025 3:40:55 PM org.openqa.selenium.remote.http.WebSocket$Listener onError
WARNING: Connection reset
java.net.SocketException: Connection reset
	at java.base/sun.nio.ch.SocketChannelImpl.throwConnectionReset(SocketChannelImpl.java:403)
	at java.base/sun.nio.ch.SocketChannelImpl.implRead(SocketChannelImpl.java:435)
	at java.base/sun.nio.ch.SocketChannelImpl.read(SocketChannelImpl.java:493)
	at java.net.http/jdk.internal.net.http.SocketTube.readAvailable(SocketTube.java:1178)
	at java.net.http/jdk.internal.net.http.SocketTube$InternalReadPublisher$InternalReadSubscription.read(SocketTube.java:841)
	at java.net.http/jdk.internal.net.http.SocketTube$SocketFlowTask.run(SocketTube.java:181)
	at java.net.http/jdk.internal.net.http.common.SequentialScheduler$SchedulableTask.run(SequentialScheduler.java:207)
	at java.net.http/jdk.internal.net.http.common.SequentialScheduler.runOrSchedule(SequentialScheduler.java:280)
	at java.net.http/jdk.internal.net.http.common.SequentialScheduler.runOrSchedule(SequentialScheduler.java:233)
	at java.net.http/jdk.internal.net.http.SocketTube$InternalReadPublisher$InternalReadSubscription.signalReadable(SocketTube.java:782)
	at java.net.http/jdk.internal.net.http.SocketTube$InternalReadPublisher$ReadEvent.signalEvent(SocketTube.java:965)
	at java.net.http/jdk.internal.net.http.SocketTube$SocketFlowEvent.handle(SocketTube.java:253)
	at java.net.http/jdk.internal.net.http.HttpClientImpl$SelectorManager.handleEvent(HttpClientImpl.java:1478)
	at java.net.http/jdk.internal.net.http.HttpClientImpl$SelectorManager.lambda$run$3(HttpClientImpl.java:1423)
	at java.base/java.util.ArrayList.forEach(ArrayList.java:1597)
	at java.net.http/jdk.internal.net.http.HttpClientImpl$SelectorManager.run(HttpClientImpl.java:1423)

]]></system-err>
  </testcase>
  <testcase name="runScenario[&quot;Create Order Positive Case&quot;, &quot;Purchase the order from ecommerce&quot;](5)" classname="runners.FinalProjectTestRunnerTestNG" time="5.945">
    <system-out><![CDATA[
Scenario Outline: Create Order Positive Case                                              &amp#27;[90m# src/test/resources/features/FinalProject.feature:23&amp#27;[0m
  &amp#27;[32mGiven &amp#27;[0m&amp#27;[32mBuyer landing to ecommerce&amp#27;[0m                                                        &amp#27;[90m# stepdefinitions.finalproject.FinalProjectStepDefinition.landingPage()&amp#27;[0m
  &amp#27;[32mGiven &amp#27;[0m&amp#27;[32mBuyer logged to website username &amp#27;[0m&amp#27;[32m&amp#27;[1mstandard_user&amp#27;[0m&amp#27;[32m and password &amp#27;[0m&amp#27;[32m&amp#27;[1msecret_sauce&amp#27;[0m          &amp#27;[90m# stepdefinitions.finalproject.FinalProjectStepDefinition.buyerLogin(java.lang.String,java.lang.String)&amp#27;[0m
  &amp#27;[32mWhen &amp#27;[0m&amp#27;[32mBuyer add product &amp#27;[0m&amp#27;[32m&amp#27;[1mSauce Labs Fleece Jacket&amp#27;[0m&amp#27;[32m to Cart&amp#27;[0m                                 &amp#27;[90m# stepdefinitions.finalproject.FinalProjectStepDefinition.buyerAddProduct(java.lang.String)&amp#27;[0m
  &amp#27;[32mAnd &amp#27;[0m&amp#27;[32mBuyer checkout product &amp#27;[0m&amp#27;[32m&amp#27;[1mSauce Labs Fleece Jacket&amp#27;[0m                                     &amp#27;[90m# stepdefinitions.finalproject.FinalProjectStepDefinition.buyerCheckoutProduct(java.lang.String)&amp#27;[0m
  &amp#27;[32mAnd &amp#27;[0m&amp#27;[32mBuyer input first name &amp#27;[0m&amp#27;[32m&amp#27;[1mNovel&amp#27;[0m&amp#27;[32m, last name &amp#27;[0m&amp#27;[32m&amp#27;[1mRehandhika&amp#27;[0m&amp#27;[32m, and postal code &amp#27;[0m&amp#27;[32m&amp#27;[1m63414&amp#27;[0m           &amp#27;[90m# stepdefinitions.finalproject.FinalProjectStepDefinition.buyerInputDetails(java.lang.String,java.lang.String,java.lang.String)&amp#27;[0m
  &amp#27;[32mAnd &amp#27;[0m&amp#27;[32mBuyer finish order product &amp#27;[0m&amp#27;[32m&amp#27;[1mSauce Labs Fleece Jacket&amp#27;[0m                                 &amp#27;[90m# stepdefinitions.finalproject.FinalProjectStepDefinition.buyerFinishOrder(java.lang.String)&amp#27;[0m
  &amp#27;[32mThen &amp#27;[0m&amp#27;[32mBuyer will see message is displayed on confirmation page &amp#27;[0m&amp#27;[32m&amp#27;[1mThank you for your order!&amp#27;[0m &amp#27;[90m# stepdefinitions.finalproject.FinalProjectStepDefinition.confirmationPage(java.lang.String)&amp#27;[0m
]]></system-out>
    <system-err><![CDATA[Mar 14, 2025 3:41:01 PM org.openqa.selenium.remote.http.WebSocket$Listener onError
WARNING: Connection reset
java.net.SocketException: Connection reset
	at java.base/sun.nio.ch.SocketChannelImpl.throwConnectionReset(SocketChannelImpl.java:403)
	at java.base/sun.nio.ch.SocketChannelImpl.implRead(SocketChannelImpl.java:435)
	at java.base/sun.nio.ch.SocketChannelImpl.read(SocketChannelImpl.java:493)
	at java.net.http/jdk.internal.net.http.SocketTube.readAvailable(SocketTube.java:1178)
	at java.net.http/jdk.internal.net.http.SocketTube$InternalReadPublisher$InternalReadSubscription.read(SocketTube.java:841)
	at java.net.http/jdk.internal.net.http.SocketTube$SocketFlowTask.run(SocketTube.java:181)
	at java.net.http/jdk.internal.net.http.common.SequentialScheduler$SchedulableTask.run(SequentialScheduler.java:207)
	at java.net.http/jdk.internal.net.http.common.SequentialScheduler.runOrSchedule(SequentialScheduler.java:280)
	at java.net.http/jdk.internal.net.http.common.SequentialScheduler.runOrSchedule(SequentialScheduler.java:233)
	at java.net.http/jdk.internal.net.http.SocketTube$InternalReadPublisher$InternalReadSubscription.signalReadable(SocketTube.java:782)
	at java.net.http/jdk.internal.net.http.SocketTube$InternalReadPublisher$ReadEvent.signalEvent(SocketTube.java:965)
	at java.net.http/jdk.internal.net.http.SocketTube$SocketFlowEvent.handle(SocketTube.java:253)
	at java.net.http/jdk.internal.net.http.HttpClientImpl$SelectorManager.handleEvent(HttpClientImpl.java:1478)
	at java.net.http/jdk.internal.net.http.HttpClientImpl$SelectorManager.lambda$run$3(HttpClientImpl.java:1423)
	at java.base/java.util.ArrayList.forEach(ArrayList.java:1597)
	at java.net.http/jdk.internal.net.http.HttpClientImpl$SelectorManager.run(HttpClientImpl.java:1423)

]]></system-err>
  </testcase>
</testsuite>