<?xml version="1.0" encoding="UTF-8"?>
<testng-results ignored="0" total="7" passed="7" failed="0" skipped="0">
  <reporter-output>
  </reporter-output>
  <suite started-at="2025-03-24T17:25:48 WIB" name="Web Automation Suite" finished-at="2025-03-24T17:26:18 WIB" duration-ms="30024">
    <groups>
      <group name="cucumber">
        <method signature="AbstractTestNGCucumberTests.runScenario(io.cucumber.testng.PickleWrapper,io.cucumber.testng.FeatureWrapper)[pri:0, instance:runners.FinalProjectTestRunnerTestNG@3c19aaa5]" name="runScenario" class="io.cucumber.testng.AbstractTestNGCucumberTests"/>
      </group> <!-- cucumber -->
    </groups>
    <test started-at="2025-03-24T17:25:48 WIB" name="Web Automation Test" finished-at="2025-03-24T17:26:18 WIB" duration-ms="30024">
      <class name="runners.FinalProjectTestRunnerTestNG">
        <test-method is-config="true" signature="setUpClass(org.testng.ITestContext)[pri:0, instance:runners.FinalProjectTestRunnerTestNG@3c19aaa5]" started-at="2025-03-24T17:25:48 WIB" name="setUpClass" finished-at="2025-03-24T17:25:48 WIB" duration-ms="528" status="PASS">
          <params>
            <param index="0">
              <value>
                <![CDATA[org.testng.TestRunner@60015ef5]]>
              </value>
            </param>
          </params>
          <reporter-output>
          </reporter-output>
        </test-method> <!-- setUpClass -->
        <test-method signature="runScenario(io.cucumber.testng.PickleWrapper,io.cucumber.testng.FeatureWrapper)[pri:0, instance:runners.FinalProjectTestRunnerTestNG@3c19aaa5]" started-at="2025-03-24T17:25:48 WIB" name="runScenario" description="Runs Cucumber Scenarios" data-provider="scenarios" finished-at="2025-03-24T17:25:54 WIB" duration-ms="5989" status="PASS">
          <params>
            <param index="0">
              <value>
                <![CDATA["Error User Stuck"]]>
              </value>
            </param>
            <param index="1">
              <value>
                <![CDATA["Purchase the order from ecommerce"]]>
              </value>
            </param>
          </params>
          <reporter-output>
          </reporter-output>
        </test-method> <!-- runScenario -->
        <test-method signature="runScenario(io.cucumber.testng.PickleWrapper,io.cucumber.testng.FeatureWrapper)[pri:0, instance:runners.FinalProjectTestRunnerTestNG@3c19aaa5]" started-at="2025-03-24T17:25:54 WIB" name="runScenario" description="Runs Cucumber Scenarios" data-provider="scenarios" finished-at="2025-03-24T17:25:58 WIB" duration-ms="4254" status="PASS">
          <params>
            <param index="0">
              <value>
                <![CDATA["Problem User Order"]]>
              </value>
            </param>
            <param index="1">
              <value>
                <![CDATA["Purchase the order from ecommerce"]]>
              </value>
            </param>
          </params>
          <reporter-output>
          </reporter-output>
        </test-method> <!-- runScenario -->
        <test-method signature="runScenario(io.cucumber.testng.PickleWrapper,io.cucumber.testng.FeatureWrapper)[pri:0, instance:runners.FinalProjectTestRunnerTestNG@3c19aaa5]" started-at="2025-03-24T17:25:58 WIB" name="runScenario" description="Runs Cucumber Scenarios" data-provider="scenarios" finished-at="2025-03-24T17:26:00 WIB" duration-ms="1788" status="PASS">
          <params>
            <param index="0">
              <value>
                <![CDATA["Loged Out User"]]>
              </value>
            </param>
            <param index="1">
              <value>
                <![CDATA["Purchase the order from ecommerce"]]>
              </value>
            </param>
          </params>
          <reporter-output>
          </reporter-output>
        </test-method> <!-- runScenario -->
        <test-method signature="runScenario(io.cucumber.testng.PickleWrapper,io.cucumber.testng.FeatureWrapper)[pri:0, instance:runners.FinalProjectTestRunnerTestNG@3c19aaa5]" started-at="2025-03-24T17:26:00 WIB" name="runScenario" description="Runs Cucumber Scenarios" data-provider="scenarios" finished-at="2025-03-24T17:26:05 WIB" duration-ms="4445" status="PASS">
          <params>
            <param index="0">
              <value>
                <![CDATA["Create Order Standard User"]]>
              </value>
            </param>
            <param index="1">
              <value>
                <![CDATA["Purchase the order from ecommerce"]]>
              </value>
            </param>
          </params>
          <reporter-output>
          </reporter-output>
        </test-method> <!-- runScenario -->
        <test-method signature="runScenario(io.cucumber.testng.PickleWrapper,io.cucumber.testng.FeatureWrapper)[pri:0, instance:runners.FinalProjectTestRunnerTestNG@3c19aaa5]" started-at="2025-03-24T17:26:05 WIB" name="runScenario" description="Runs Cucumber Scenarios" data-provider="scenarios" finished-at="2025-03-24T17:26:09 WIB" duration-ms="4362" status="PASS">
          <params>
            <param index="0">
              <value>
                <![CDATA["Create Order Standard User"]]>
              </value>
            </param>
            <param index="1">
              <value>
                <![CDATA["Purchase the order from ecommerce"]]>
              </value>
            </param>
          </params>
          <reporter-output>
          </reporter-output>
        </test-method> <!-- runScenario -->
        <test-method signature="runScenario(io.cucumber.testng.PickleWrapper,io.cucumber.testng.FeatureWrapper)[pri:0, instance:runners.FinalProjectTestRunnerTestNG@3c19aaa5]" started-at="2025-03-24T17:26:09 WIB" name="runScenario" description="Runs Cucumber Scenarios" data-provider="scenarios" finished-at="2025-03-24T17:26:13 WIB" duration-ms="4131" status="PASS">
          <params>
            <param index="0">
              <value>
                <![CDATA["Create Order Standard User"]]>
              </value>
            </param>
            <param index="1">
              <value>
                <![CDATA["Purchase the order from ecommerce"]]>
              </value>
            </param>
          </params>
          <reporter-output>
          </reporter-output>
        </test-method> <!-- runScenario -->
        <test-method signature="runScenario(io.cucumber.testng.PickleWrapper,io.cucumber.testng.FeatureWrapper)[pri:0, instance:runners.FinalProjectTestRunnerTestNG@3c19aaa5]" started-at="2025-03-24T17:26:13 WIB" name="runScenario" description="Runs Cucumber Scenarios" data-provider="scenarios" finished-at="2025-03-24T17:26:17 WIB" duration-ms="4323" status="PASS">
          <params>
            <param index="0">
              <value>
                <![CDATA["Create Order Standard User"]]>
              </value>
            </param>
            <param index="1">
              <value>
                <![CDATA["Purchase the order from ecommerce"]]>
              </value>
            </param>
          </params>
          <reporter-output>
          </reporter-output>
        </test-method> <!-- runScenario -->
        <test-method is-config="true" signature="tearDownClass()[pri:0, instance:runners.FinalProjectTestRunnerTestNG@3c19aaa5]" started-at="2025-03-24T17:26:17 WIB" name="tearDownClass" finished-at="2025-03-24T17:26:18 WIB" duration-ms="157" status="PASS">
          <reporter-output>
          </reporter-output>
        </test-method> <!-- tearDownClass -->
      </class> <!-- runners.FinalProjectTestRunnerTestNG -->
    </test> <!-- Web Automation Test -->
  </suite> <!-- Web Automation Suite -->
</testng-results>
