<?xml version="1.0" encoding="UTF-8"?>
<testng-results ignored="0" total="1" passed="1" failed="0" skipped="0">
  <reporter-output>
  </reporter-output>
  <suite started-at="2025-03-11T17:40:33 WIB" name="Web Automation Suite" finished-at="2025-03-11T17:40:47 WIB" duration-ms="13985">
    <groups>
    </groups>
    <test started-at="2025-03-11T17:40:33 WIB" name="Web Automation Test" finished-at="2025-03-11T17:40:47 WIB" duration-ms="13985">
      <class name="automation.POMTaskSauceDemo">
        <test-method is-config="true" signature="setUp()[pri:0, instance:automation.POMTaskSauceDemo@67c27493]" started-at="2025-03-11T17:40:33 WIB" name="setUp" finished-at="2025-03-11T17:40:38 WIB" duration-ms="4504" status="PASS">
          <reporter-output>
          </reporter-output>
        </test-method> <!-- setUp -->
        <test-method signature="createOrder(java.util.HashMap)[pri:0, instance:automation.POMTaskSauceDemo@67c27493]" started-at="2025-03-11T17:40:38 WIB" name="createOrder" data-provider="dataTestMapping" finished-at="2025-03-11T17:40:45 WIB" duration-ms="7124" status="PASS">
          <params>
            <param index="0">
              <value>
                <![CDATA[{password=secret_sauce, userEmail=standard_user, productName=Sauce Labs Bolt T-Shirt}]]>
              </value>
            </param>
          </params>
          <reporter-output>
          </reporter-output>
        </test-method> <!-- createOrder -->
        <test-method is-config="true" signature="tearDown()[pri:0, instance:automation.POMTaskSauceDemo@67c27493]" started-at="2025-03-11T17:40:45 WIB" name="tearDown" finished-at="2025-03-11T17:40:47 WIB" duration-ms="2249" status="PASS">
          <reporter-output>
          </reporter-output>
        </test-method> <!-- tearDown -->
      </class> <!-- automation.POMTaskSauceDemo -->
    </test> <!-- Web Automation Test -->
  </suite> <!-- Web Automation Suite -->
</testng-results>
