<?xml version="1.0" encoding="UTF-8"?>
<!-- Generated by org.testng.reporters.JUnitReportReporter -->
<testsuite hostname="Novel-YR" failures="0" tests="7" name="runners.FinalProjectTestRunnerTestNG" time="31.086" errors="0" timestamp="2025-03-24T17:11:58 WIB" skipped="0">
  <testcase classname="runners.FinalProjectTestRunnerTestNG" name="runScenario" time="4.331"/>
  <testcase classname="runners.FinalProjectTestRunnerTestNG" name="runScenario" time="4.200"/>
  <testcase classname="runners.FinalProjectTestRunnerTestNG" name="runScenario" time="4.318"/>
  <testcase classname="runners.FinalProjectTestRunnerTestNG" name="runScenario" time="2.000"/>
  <testcase classname="runners.FinalProjectTestRunnerTestNG" name="runScenario" time="4.305"/>
  <testcase classname="runners.FinalProjectTestRunnerTestNG" name="runScenario" time="4.262"/>
  <testcase classname="runners.FinalProjectTestRunnerTestNG" name="runScenario" time="7.670"/>
</testsuite> <!-- runners.FinalProjectTestRunnerTestNG -->
