<?xml version="1.0" encoding="UTF-8"?>
<!-- Generated by org.testng.reporters.JUnitReportReporter -->
<testsuite hostname="Novel-YR" failures="0" tests="7" name="runners.FinalProjectTestRunnerTestNG" time="29.292" errors="0" timestamp="2025-03-24T17:26:18 WIB" skipped="0">
  <testcase classname="runners.FinalProjectTestRunnerTestNG" name="runScenario" time="4.445"/>
  <testcase classname="runners.FinalProjectTestRunnerTestNG" name="runScenario" time="4.323"/>
  <testcase classname="runners.FinalProjectTestRunnerTestNG" name="runScenario" time="4.362"/>
  <testcase classname="runners.FinalProjectTestRunnerTestNG" name="runScenario" time="1.788"/>
  <testcase classname="runners.FinalProjectTestRunnerTestNG" name="runScenario" time="4.254"/>
  <testcase classname="runners.FinalProjectTestRunnerTestNG" name="runScenario" time="5.989"/>
  <testcase classname="runners.FinalProjectTestRunnerTestNG" name="runScenario" time="4.131"/>
</testsuite> <!-- runners.FinalProjectTestRunnerTestNG -->
